<?xml version="1.0" encoding="UTF-8"?>
<!-- Generated by org.testng.reporters.JUnitReportReporter -->
<testsuite skipped="1" hostname="AFSANAs-MacBook-Pro-2.local" name="Tescases.ExtentReport" tests="1" failures="0" timestamp="10 Mar 2018 20:27:05 GMT" time="0.000" errors="0">
  <testcase name="CreatingAccWithOutEmail" time="0.000" classname="Tescases.ExtentReport">
    <skipped/>
  </testcase> <!-- CreatingAccWithOutEmail -->
</testsuite> <!-- Tescases.ExtentReport -->
