<?xml version="1.0" encoding="UTF-8"?>
<!-- Generated by org.testng.reporters.JUnitReportReporter -->
<testsuite skipped="1" hostname="AFSANAs-MacBook-Pro-2.local" name="Tescases.ITESTLISTNERs" tests="1" failures="0" timestamp="10 Mar 2018 20:27:05 GMT" time="0.000" errors="0">
  <testcase name="testCase" time="0.000" classname="Tescases.ITESTLISTNERs">
    <skipped/>
  </testcase> <!-- testCase -->
</testsuite> <!-- Tescases.ITESTLISTNERs -->
