<?xml version="1.0" encoding="UTF-8"?>
<!-- Generated by org.testng.reporters.JUnitReportReporter -->
<testsuite skipped="0" hostname="AFSANAs-MacBook-Pro.local" name="Tescases.PRACTICE" tests="1" failures="0" timestamp="25 Sep 2017 20:10:28 GMT" time="15.952" errors="0">
  <testcase name="myTest" time="15.952" classname="Tescases.PRACTICE"/>
</testsuite> <!-- Tescases.PRACTICE -->
