<?xml version="1.0" encoding="UTF-8"?>
<!-- Generated by org.testng.reporters.JUnitReportReporter -->
<testsuite hostname="AFSANAs-MacBook-Pro.local" name="Tescases.selGridTest" tests="1" failures="0" timestamp="4 Jan 2017 02:10:56 GMT" time="29.489" errors="0">
  <testcase name="gridTest" time="29.489" classname="Tescases.selGridTest"/>
</testsuite> <!-- Tescases.selGridTest -->
