<?xml version="1.0" encoding="UTF-8"?>
<!-- Generated by org.testng.reporters.JUnitReportReporter -->
<testsuite skipped="3" hostname="AFSANAs-MacBook-Pro-2.local" name="Tescases.ACTION_MOUSEHOVER" tests="3" failures="0" timestamp="10 Mar 2018 20:27:05 GMT" time="0.001" errors="0">
  <testcase name="actionTestCases" time="0.001" classname="Tescases.ACTION_MOUSEHOVER">
    <skipped/>
  </testcase> <!-- actionTestCases -->
  <testcase name="testcase3" time="0.000" classname="Tescases.ACTION_MOUSEHOVER">
    <skipped/>
  </testcase> <!-- testcase3 -->
  <testcase name="rightClickAction" time="0.000" classname="Tescases.ACTION_MOUSEHOVER">
    <skipped/>
  </testcase> <!-- rightClickAction -->
</testsuite> <!-- Tescases.ACTION_MOUSEHOVER -->
