<?xml version="1.0" encoding="UTF-8"?>
<!-- Generated by org.testng.reporters.JUnitReportReporter -->
<testsuite skipped="3" hostname="AFSANAs-MacBook-Pro-2.local" name="Tescases.TestNgannotation" tests="3" failures="0" timestamp="10 Mar 2018 20:27:05 GMT" time="0.000" errors="0">
  <testcase name="method2" time="0.000" classname="Tescases.TestNgannotation">
    <skipped/>
  </testcase> <!-- method2 -->
  <testcase name="method3" time="0.000" classname="Tescases.TestNgannotation">
    <skipped/>
  </testcase> <!-- method3 -->
  <testcase name="method1" time="0.000" classname="Tescases.TestNgannotation">
    <skipped/>
  </testcase> <!-- method1 -->
</testsuite> <!-- Tescases.TestNgannotation -->
